<?xml version="1.0" encoding="utf-8"?><testsuites name="pytest tests"><testsuite name="pytest" errors="0" failures="0" skipped="0" tests="4" time="0.415" timestamp="2026-07-12T12:48:52.484651+00:00" hostname="agent-env-c749999d-3969-4731-a19c-f23ef7b772d1"><testcase classname="backend.tests.test_health_smoke.TestHealth" name="test_health" time="0.176" /><testcase classname="backend.tests.test_health_smoke.TestHealth" name="test_root" time="0.050" /><testcase classname="backend.tests.test_health_smoke.TestSyncSmoke" name="test_get_sync_empty_device" time="0.049" /><testcase classname="backend.tests.test_health_smoke.TestSyncSmoke" name="test_clear_sync_device" time="0.047" /></testsuite></testsuites>